<?xml version="1.0" encoding="UTF-8"?>
<!-- Generated by org.testng.reporters.JUnitReportReporter -->
<testsuite skipped="0" hostname="DESKTOP-RAL28CJ" name="com.playwithnumbers.demoproject.playDemo" tests="1" failures="0" timestamp="02 Jun 2019 11:08:38 GMT" time="84.828" errors="0">
  <testcase name="playdemo" time="84.828" classname="com.playwithnumbers.demoproject.playDemo"/>
</testsuite> <!-- com.playwithnumbers.demoproject.playDemo -->
